<?xml version="1.0" encoding="UTF-8"?>
<testsuite name="Academy Choucair" tests="1" skipped="0" failures="0" errors="0" timestamp="2021-02-24T19:15:48" hostname="Jeiizon" time="45.058">
  <properties/>
  <testcase name="Search for a automation course" classname="Academy Choucair" time="45.058"/>
  <system-out><![CDATA[]]></system-out>
  <system-err><![CDATA[[Test worker] WARN net.thucydides.core.steps.BaseStepListener - stepStarted: net.thucydides.core.steps.ExecutedStepDescription@6649d5f7
[Test worker] WARN net.thucydides.core.steps.BaseStepListener - stepStarted: net.thucydides.core.steps.ExecutedStepDescription@1443b28f
[Test worker] WARN net.thucydides.core.steps.BaseStepListener - stepStarted: net.thucydides.core.steps.ExecutedStepDescription@5739cfda
feb 24, 2021 2:15:50 PM org.openqa.selenium.remote.DesiredCapabilities chrome
INFORMACIÓN: Using `new ChromeOptions()` is preferred to `DesiredCapabilities.chrome()`
[Test worker] INFO net.serenitybdd.core.webdriver.driverproviders.ProvideNewDriver - Instantiating driver
[Test worker] INFO net.serenitybdd.core.webdriver.driverproviders.ProvideNewDriver - Driver capabilities: Capabilities {acceptInsecureCerts: false, browserName: chrome, chrome.switches: --start-maximized, goog:chromeOptions: {args: [--start-maximized], extensions: []}, loggingPrefs: org.openqa.selenium.logging..., platform: ANY, version: }
Starting ChromeDriver 88.0.4324.96 (68dba2d8a0b149a1d3afac56fa74648032bcf46b-refs/branch-heads/4324@{#1784}) on port 40503
Only local connections are allowed.
Please see https://chromedriver.chromium.org/security-considerations for suggestions on keeping ChromeDriver safe.
ChromeDriver was started successfully.
feb 24, 2021 2:15:54 PM org.openqa.selenium.remote.ProtocolHandshake createSession
INFORMACIÓN: Detected dialect: W3C
[Test worker] WARN net.thucydides.core.steps.BaseStepListener - stepFinished: current outcome:Search for a automation course:Given than Andres wants to learn automation at the academy Choucair
| strUser | strPassword |
| 1022391493 | Choucair2021* | [Andres open up [Andres opens the Choucair academy page]]
[Test worker] WARN net.thucydides.core.steps.BaseStepListener - stepFinished: current outcome:Search for a automation course:Given than Andres wants to learn automation at the academy Choucair
| strUser | strPassword |
| 1022391493 | Choucair2021* | [Andres open up [Andres opens the Choucair academy page]]
[Test worker] WARN net.thucydides.core.steps.BaseStepListener - stepStarted: net.thucydides.core.steps.ExecutedStepDescription@ecfa4e7
[Test worker] WARN net.thucydides.core.steps.BaseStepListener - stepStarted: net.thucydides.core.steps.ExecutedStepDescription@5518462f
[Test worker] WARN net.thucydides.core.steps.BaseStepListener - stepFinished: current outcome:Search for a automation course:Given than Andres wants to learn automation at the academy Choucair
| strUser | strPassword |
| 1022391493 | Choucair2021* | [Andres open up [Andres opens the Choucair academy page], Andres login [Andres clicks on Este es el boton para invocar el formulario de acceso]]
[Test worker] WARN net.thucydides.core.steps.BaseStepListener - stepStarted: net.thucydides.core.steps.ExecutedStepDescription@56d7624b
[Test worker] WARN net.thucydides.core.steps.BaseStepListener - stepFinished: current outcome:Search for a automation course:Given than Andres wants to learn automation at the academy Choucair
| strUser | strPassword |
| 1022391493 | Choucair2021* | [Andres open up [Andres opens the Choucair academy page], Andres login [Andres clicks on Este es el boton para invocar el formulario de acceso, Andres enters '1022391493' into Aqui pone usuario]]
[Test worker] WARN net.thucydides.core.steps.BaseStepListener - stepStarted: net.thucydides.core.steps.ExecutedStepDescription@6791dfd2
[Test worker] WARN net.thucydides.core.steps.BaseStepListener - stepFinished: current outcome:Search for a automation course:Given than Andres wants to learn automation at the academy Choucair
| strUser | strPassword |
| 1022391493 | Choucair2021* | [Andres open up [Andres opens the Choucair academy page], Andres login [Andres clicks on Este es el boton para invocar el formulario de acceso, Andres enters '1022391493' into Aqui pone usuario, Andres enters 'Choucair2021*' into Aqui pone contrasena]]
[Test worker] WARN net.thucydides.core.steps.BaseStepListener - stepStarted: net.thucydides.core.steps.ExecutedStepDescription@66ff28a4
[Test worker] WARN net.thucydides.core.steps.BaseStepListener - stepFinished: current outcome:Search for a automation course:Given than Andres wants to learn automation at the academy Choucair
| strUser | strPassword |
| 1022391493 | Choucair2021* | [Andres open up [Andres opens the Choucair academy page], Andres login [Andres clicks on Este es el boton para invocar el formulario de acceso, Andres enters '1022391493' into Aqui pone usuario, Andres enters 'Choucair2021*' into Aqui pone contrasena, Andres clicks on Este es el boton de confirmacion login]]
[Test worker] WARN net.thucydides.core.steps.BaseStepListener - stepFinished: current outcome:Search for a automation course:Given than Andres wants to learn automation at the academy Choucair
| strUser | strPassword |
| 1022391493 | Choucair2021* | [Andres open up [Andres opens the Choucair academy page], Andres login [Andres clicks on Este es el boton para invocar el formulario de acceso, Andres enters '1022391493' into Aqui pone usuario, Andres enters 'Choucair2021*' into Aqui pone contrasena, Andres clicks on Este es el boton de confirmacion login]]
[Test worker] WARN net.thucydides.core.steps.BaseStepListener - stepFinished: current outcome:Search for a automation course:Given than Andres wants to learn automation at the academy Choucair
| strUser | strPassword |
| 1022391493 | Choucair2021* | [Andres open up [Andres opens the Choucair academy page], Andres login [Andres clicks on Este es el boton para invocar el formulario de acceso, Andres enters '1022391493' into Aqui pone usuario, Andres enters 'Choucair2021*' into Aqui pone contrasena, Andres clicks on Este es el boton de confirmacion login]]
[Test worker] WARN net.thucydides.core.steps.BaseStepListener - stepStarted: net.thucydides.core.steps.ExecutedStepDescription@d58b25c
[Test worker] WARN net.thucydides.core.steps.BaseStepListener - stepStarted: net.thucydides.core.steps.ExecutedStepDescription@2132e575
[Test worker] WARN net.thucydides.core.steps.BaseStepListener - stepStarted: net.thucydides.core.steps.ExecutedStepDescription@253b90bb
[Test worker] WARN net.thucydides.core.steps.BaseStepListener - stepFinished: current outcome:Search for a automation course:Given than Andres wants to learn automation at the academy Choucair
| strUser | strPassword |
| 1022391493 | Choucair2021* | [Andres open up [Andres opens the Choucair academy page], Andres login [Andres clicks on Este es el boton para invocar el formulario de acceso, Andres enters '1022391493' into Aqui pone usuario, Andres enters 'Choucair2021*' into Aqui pone contrasena, Andres clicks on Este es el boton de confirmacion login]], When he search for the course on the choucair academy platform
| strCourse |
| Metodología Bancolombia | [Andres search [Andres clicks on Selecciona la universidad Choucair]]
[Test worker] WARN net.thucydides.core.steps.BaseStepListener - stepStarted: net.thucydides.core.steps.ExecutedStepDescription@753c2eec
[Test worker] WARN net.thucydides.core.steps.BaseStepListener - stepFinished: current outcome:Search for a automation course:Given than Andres wants to learn automation at the academy Choucair
| strUser | strPassword |
| 1022391493 | Choucair2021* | [Andres open up [Andres opens the Choucair academy page], Andres login [Andres clicks on Este es el boton para invocar el formulario de acceso, Andres enters '1022391493' into Aqui pone usuario, Andres enters 'Choucair2021*' into Aqui pone contrasena, Andres clicks on Este es el boton de confirmacion login]], When he search for the course on the choucair academy platform
| strCourse |
| Metodología Bancolombia | [Andres search [Andres clicks on Selecciona la universidad Choucair, Andres enters 'Metodología Bancolombia' into Buscar el curso]]
[Test worker] WARN net.thucydides.core.steps.BaseStepListener - stepStarted: net.thucydides.core.steps.ExecutedStepDescription@5e837884
[Test worker] WARN net.thucydides.core.steps.BaseStepListener - stepFinished: current outcome:Search for a automation course:Given than Andres wants to learn automation at the academy Choucair
| strUser | strPassword |
| 1022391493 | Choucair2021* | [Andres open up [Andres opens the Choucair academy page], Andres login [Andres clicks on Este es el boton para invocar el formulario de acceso, Andres enters '1022391493' into Aqui pone usuario, Andres enters 'Choucair2021*' into Aqui pone contrasena, Andres clicks on Este es el boton de confirmacion login]], When he search for the course on the choucair academy platform
| strCourse |
| Metodología Bancolombia | [Andres search [Andres clicks on Selecciona la universidad Choucair, Andres enters 'Metodología Bancolombia' into Buscar el curso, Andres clicks on Click para buscar el curso]]
[Test worker] WARN net.thucydides.core.steps.BaseStepListener - stepStarted: net.thucydides.core.steps.ExecutedStepDescription@496969e3
[Test worker] WARN net.thucydides.core.steps.BaseStepListener - stepFinished: current outcome:Search for a automation course:Given than Andres wants to learn automation at the academy Choucair
| strUser | strPassword |
| 1022391493 | Choucair2021* | [Andres open up [Andres opens the Choucair academy page], Andres login [Andres clicks on Este es el boton para invocar el formulario de acceso, Andres enters '1022391493' into Aqui pone usuario, Andres enters 'Choucair2021*' into Aqui pone contrasena, Andres clicks on Este es el boton de confirmacion login]], When he search for the course on the choucair academy platform
| strCourse |
| Metodología Bancolombia | [Andres search [Andres clicks on Selecciona la universidad Choucair, Andres enters 'Metodología Bancolombia' into Buscar el curso, Andres clicks on Click para buscar el curso, Andres clicks on Selecciona el curso]]
[Test worker] WARN net.thucydides.core.steps.BaseStepListener - stepFinished: current outcome:Search for a automation course:Given than Andres wants to learn automation at the academy Choucair
| strUser | strPassword |
| 1022391493 | Choucair2021* | [Andres open up [Andres opens the Choucair academy page], Andres login [Andres clicks on Este es el boton para invocar el formulario de acceso, Andres enters '1022391493' into Aqui pone usuario, Andres enters 'Choucair2021*' into Aqui pone contrasena, Andres clicks on Este es el boton de confirmacion login]], When he search for the course on the choucair academy platform
| strCourse |
| Metodología Bancolombia | [Andres search [Andres clicks on Selecciona la universidad Choucair, Andres enters 'Metodología Bancolombia' into Buscar el curso, Andres clicks on Click para buscar el curso, Andres clicks on Selecciona el curso]]
[Test worker] WARN net.thucydides.core.steps.BaseStepListener - stepFinished: current outcome:Search for a automation course:Given than Andres wants to learn automation at the academy Choucair
| strUser | strPassword |
| 1022391493 | Choucair2021* | [Andres open up [Andres opens the Choucair academy page], Andres login [Andres clicks on Este es el boton para invocar el formulario de acceso, Andres enters '1022391493' into Aqui pone usuario, Andres enters 'Choucair2021*' into Aqui pone contrasena, Andres clicks on Este es el boton de confirmacion login]], When he search for the course on the choucair academy platform
| strCourse |
| Metodología Bancolombia | [Andres search [Andres clicks on Selecciona la universidad Choucair, Andres enters 'Metodología Bancolombia' into Buscar el curso, Andres clicks on Click para buscar el curso, Andres clicks on Selecciona el curso]]
[Test worker] WARN net.thucydides.core.steps.BaseStepListener - stepStarted: net.thucydides.core.steps.ExecutedStepDescription@5ede7cd7
[Test worker] WARN net.thucydides.core.steps.BaseStepListener - stepStarted: net.thucydides.core.steps.ExecutedStepDescription@2ace74e7
[Test worker] WARN net.thucydides.core.steps.BaseStepListener - stepFinished: current outcome:Search for a automation course:Given than Andres wants to learn automation at the academy Choucair
| strUser | strPassword |
| 1022391493 | Choucair2021* | [Andres open up [Andres opens the Choucair academy page], Andres login [Andres clicks on Este es el boton para invocar el formulario de acceso, Andres enters '1022391493' into Aqui pone usuario, Andres enters 'Choucair2021*' into Aqui pone contrasena, Andres clicks on Este es el boton de confirmacion login]], When he search for the course on the choucair academy platform
| strCourse |
| Metodología Bancolombia | [Andres search [Andres clicks on Selecciona la universidad Choucair, Andres enters 'Metodología Bancolombia' into Buscar el curso, Andres clicks on Click para buscar el curso, Andres clicks on Selecciona el curso]], Then he finds the course called resources
| strCourse |
| Metodología Bancolombia | [Then answer]
[Test worker] WARN net.thucydides.core.steps.BaseStepListener - stepFinished: current outcome:Search for a automation course:Given than Andres wants to learn automation at the academy Choucair
| strUser | strPassword |
| 1022391493 | Choucair2021* | [Andres open up [Andres opens the Choucair academy page], Andres login [Andres clicks on Este es el boton para invocar el formulario de acceso, Andres enters '1022391493' into Aqui pone usuario, Andres enters 'Choucair2021*' into Aqui pone contrasena, Andres clicks on Este es el boton de confirmacion login]], When he search for the course on the choucair academy platform
| strCourse |
| Metodología Bancolombia | [Andres search [Andres clicks on Selecciona la universidad Choucair, Andres enters 'Metodología Bancolombia' into Buscar el curso, Andres clicks on Click para buscar el curso, Andres clicks on Selecciona el curso]], Then he finds the course called resources
| strCourse |
| Metodología Bancolombia | [Then answer]
[Test worker] WARN net.thucydides.core.steps.BaseStepListener - testFinished: Search for a automation course:Given than Andres wants to learn automation at the academy Choucair
| strUser | strPassword |
| 1022391493 | Choucair2021* | [Andres open up [Andres opens the Choucair academy page], Andres login [Andres clicks on Este es el boton para invocar el formulario de acceso, Andres enters '1022391493' into Aqui pone usuario, Andres enters 'Choucair2021*' into Aqui pone contrasena, Andres clicks on Este es el boton de confirmacion login]], When he search for the course on the choucair academy platform
| strCourse |
| Metodología Bancolombia | [Andres search [Andres clicks on Selecciona la universidad Choucair, Andres enters 'Metodología Bancolombia' into Buscar el curso, Andres clicks on Click para buscar el curso, Andres clicks on Selecciona el curso]], Then he finds the course called resources
| strCourse |
| Metodología Bancolombia | [Then answer]
[Test worker] WARN net.thucydides.core.steps.BaseStepListener - TestOutcomes: [Search for a automation course:Given than Andres wants to learn automation at the academy Choucair
| strUser | strPassword |
| 1022391493 | Choucair2021* | [Andres open up [Andres opens the Choucair academy page], Andres login [Andres clicks on Este es el boton para invocar el formulario de acceso, Andres enters '1022391493' into Aqui pone usuario, Andres enters 'Choucair2021*' into Aqui pone contrasena, Andres clicks on Este es el boton de confirmacion login]], When he search for the course on the choucair academy platform
| strCourse |
| Metodología Bancolombia | [Andres search [Andres clicks on Selecciona la universidad Choucair, Andres enters 'Metodología Bancolombia' into Buscar el curso, Andres clicks on Click para buscar el curso, Andres clicks on Selecciona el curso]], Then he finds the course called resources
| strCourse |
| Metodología Bancolombia | [Then answer]]
[Test worker] WARN net.thucydides.core.steps.BaseStepListener - Final testOutcomes: [Search for a automation course:Given than Andres wants to learn automation at the academy Choucair
| strUser | strPassword |
| 1022391493 | Choucair2021* | [Andres open up [Andres opens the Choucair academy page], Andres login [Andres clicks on Este es el boton para invocar el formulario de acceso, Andres enters '1022391493' into Aqui pone usuario, Andres enters 'Choucair2021*' into Aqui pone contrasena, Andres clicks on Este es el boton de confirmacion login]], When he search for the course on the choucair academy platform
| strCourse |
| Metodología Bancolombia | [Andres search [Andres clicks on Selecciona la universidad Choucair, Andres enters 'Metodología Bancolombia' into Buscar el curso, Andres clicks on Click para buscar el curso, Andres clicks on Selecciona el curso]], Then he finds the course called resources
| strCourse |
| Metodología Bancolombia | [Then answer]]
[Test worker] INFO net.thucydides.core.steps.ConsoleLoggingListener - 
        __    _____ _____ ____ _____   ____   _    ____  ____  _____ ____  
  _     \ \  |_   _| ____/ ___|_   _| |  _ \ / \  / ___|/ ___|| ____|  _ \ 
 (_)_____| |   | | |  _| \___ \ | |   | |_) / _ \ \___ \\___ \|  _| | | | |
  _|_____| |   | | | |___ ___) || |   |  __/ ___ \ ___) |___) | |___| |_| |
 (_)     | |   |_| |_____|____/ |_|   |_| /_/   \_\____/|____/|_____|____/ 
        /_/                                                                

TEST PASSED: Search for a automation course
----------------------------------------------------------------------------
]]></system-err>
</testsuite>
